0 info it worked if it ends with ok
1 verbose cli [ '/usr/bin/node', '/usr/bin/npm', 'install', '-g', 'jshint' ]
2 info using npm@1.4.28
3 info using node@v0.10.37
4 verbose node symlink /usr/bin/node
5 verbose cache add [ 'jshint', null ]
6 verbose cache add name=undefined spec="jshint" args=["jshint",null]
7 verbose parsed url { protocol: null,
7 verbose parsed url   slashes: null,
7 verbose parsed url   auth: null,
7 verbose parsed url   host: null,
7 verbose parsed url   port: null,
7 verbose parsed url   hostname: null,
7 verbose parsed url   hash: null,
7 verbose parsed url   search: null,
7 verbose parsed url   query: null,
7 verbose parsed url   pathname: 'jshint',
7 verbose parsed url   path: 'jshint',
7 verbose parsed url   href: 'jshint' }
8 silly lockFile da5c03cb-jshint jshint
9 verbose lock jshint /home/csaldanha/.npm/da5c03cb-jshint.lock
10 silly lockFile da5c03cb-jshint jshint
11 silly lockFile da5c03cb-jshint jshint
12 verbose addNamed [ 'jshint', '' ]
13 verbose addNamed [ null, '*' ]
14 silly lockFile a02a2468-jshint jshint@
15 verbose lock jshint@ /home/csaldanha/.npm/a02a2468-jshint.lock
16 silly addNameRange { name: 'jshint', range: '*', hasData: false }
17 verbose request where is /jshint
18 verbose request registry https://registry.npmjs.org/
19 verbose request id f466f239106eda2c
20 verbose url raw /jshint
21 verbose url resolving [ 'https://registry.npmjs.org/', './jshint' ]
22 verbose url resolved https://registry.npmjs.org/jshint
23 verbose request where is https://registry.npmjs.org/jshint
24 info trying registry request attempt 1 at 11:57:35
25 verbose etag "7XS36UTOBLFU6LYPS55PN4IPV"
26 http GET https://registry.npmjs.org/jshint
27 http 200 https://registry.npmjs.org/jshint
28 silly registry.get cb [ 200,
28 silly registry.get   { server: 'CouchDB/1.5.0 (Erlang OTP/R16B03)',
28 silly registry.get     etag: '"3M5EDAMSRM5QABX09P9XOUERZ"',
28 silly registry.get     'content-type': 'application/json',
28 silly registry.get     'content-encoding': 'gzip',
28 silly registry.get     'cache-control': 'max-age=300',
28 silly registry.get     'content-length': '14550',
28 silly registry.get     'accept-ranges': 'bytes',
28 silly registry.get     date: 'Mon, 20 Jun 2016 15:57:34 GMT',
28 silly registry.get     via: '1.1 varnish',
28 silly registry.get     age: '33',
28 silly registry.get     connection: 'keep-alive',
28 silly registry.get     'x-served-by': 'cache-atl6234-ATL',
28 silly registry.get     'x-cache': 'HIT',
28 silly registry.get     'x-cache-hits': '1',
28 silly registry.get     'x-timer': 'S1466438254.279548,VS0,VE0',
28 silly registry.get     vary: 'Accept-Encoding' } ]
29 silly addNameRange number 2 { name: 'jshint', range: '*', hasData: true }
30 silly addNameRange versions [ 'jshint',
30 silly addNameRange   [ '0.1.8',
30 silly addNameRange     '0.1.9',
30 silly addNameRange     '0.2.0',
30 silly addNameRange     '0.2.1',
30 silly addNameRange     '0.2.2',
30 silly addNameRange     '0.2.3',
30 silly addNameRange     '0.3.0',
30 silly addNameRange     '0.3.1',
30 silly addNameRange     '0.4.0',
30 silly addNameRange     '0.5.0',
30 silly addNameRange     '0.5.1',
30 silly addNameRange     '0.5.2',
30 silly addNameRange     '0.5.3',
30 silly addNameRange     '0.5.4',
30 silly addNameRange     '0.5.5',
30 silly addNameRange     '0.5.6',
30 silly addNameRange     '0.5.7',
30 silly addNameRange     '0.5.8',
30 silly addNameRange     '0.5.9',
30 silly addNameRange     '0.6.0',
30 silly addNameRange     '0.6.1',
30 silly addNameRange     '0.6.2',
30 silly addNameRange     '0.6.3',
30 silly addNameRange     '0.7.0',
30 silly addNameRange     '0.7.1',
30 silly addNameRange     '0.7.2',
30 silly addNameRange     '0.7.3',
30 silly addNameRange     '0.8.0',
30 silly addNameRange     '0.8.1',
30 silly addNameRange     '0.8.2',
30 silly addNameRange     '0.9.0',
30 silly addNameRange     '0.9.1',
30 silly addNameRange     '1.0.0',
30 silly addNameRange     '1.1.0',
30 silly addNameRange     '2.0.0',
30 silly addNameRange     '2.0.1',
30 silly addNameRange     '2.1.0',
30 silly addNameRange     '2.1.1',
30 silly addNameRange     '2.1.2',
30 silly addNameRange     '2.1.3',
30 silly addNameRange     '2.1.4',
30 silly addNameRange     '2.1.5',
30 silly addNameRange     '2.1.6',
30 silly addNameRange     '2.1.7',
30 silly addNameRange     '2.1.8',
30 silly addNameRange     '2.1.9',
30 silly addNameRange     '2.1.10',
30 silly addNameRange     '2.1.11',
30 silly addNameRange     '2.2.0',
30 silly addNameRange     '2.3.0',
30 silly addNameRange     '2.4.0',
30 silly addNameRange     '2.4.1',
30 silly addNameRange     '2.4.2',
30 silly addNameRange     '2.4.3',
30 silly addNameRange     '2.4.4',
30 silly addNameRange     '2.5.0',
30 silly addNameRange     '2.5.1',
30 silly addNameRange     '2.5.2',
30 silly addNameRange     '2.5.3',
30 silly addNameRange     '2.5.4',
30 silly addNameRange     '2.5.5',
30 silly addNameRange     '2.5.6',
30 silly addNameRange     '2.5.7',
30 silly addNameRange     '2.5.8',
30 silly addNameRange     '2.5.9',
30 silly addNameRange     '2.5.10',
30 silly addNameRange     '2.5.11',
30 silly addNameRange     '2.6.0',
30 silly addNameRange     '2.6.1',
30 silly addNameRange     '2.6.2',
30 silly addNameRange     '2.6.3',
30 silly addNameRange     '2.7.0',
30 silly addNameRange     '2.8.0',
30 silly addNameRange     '2.9.1-rc1',
30 silly addNameRange     '2.9.1-rc2',
30 silly addNameRange     '2.9.1-rc3',
30 silly addNameRange     '2.9.1',
30 silly addNameRange     '2.9.2' ] ]
31 verbose addNamed [ 'jshint', '2.9.2' ]
32 verbose addNamed [ '2.9.2', '2.9.2' ]
33 silly lockFile cb85595c-jshint-2-9-2 jshint@2.9.2
34 verbose lock jshint@2.9.2 /home/csaldanha/.npm/cb85595c-jshint-2-9-2.lock
35 silly lockFile 0a1f165a-pmjs-org-jshint-jshint-2-9-2-tgz https://registry.npmjs.org/jshint/-/jshint-2.9.2.tgz
36 verbose lock https://registry.npmjs.org/jshint/-/jshint-2.9.2.tgz /home/csaldanha/.npm/0a1f165a-pmjs-org-jshint-jshint-2-9-2-tgz.lock
37 verbose addRemoteTarball [ 'https://registry.npmjs.org/jshint/-/jshint-2.9.2.tgz',
37 verbose addRemoteTarball   '0b12d75f8eafb0823b7bf8efbb265b3262401619' ]
38 info retry fetch attempt 1 at 11:57:35
39 verbose fetch to= /tmp/npm-23872-f-eNLTTX/registry.npmjs.org/jshint/-/jshint-2.9.2.tgz
40 http GET https://registry.npmjs.org/jshint/-/jshint-2.9.2.tgz
41 http 200 https://registry.npmjs.org/jshint/-/jshint-2.9.2.tgz
42 silly lockFile 0a1f165a-pmjs-org-jshint-jshint-2-9-2-tgz https://registry.npmjs.org/jshint/-/jshint-2.9.2.tgz
43 silly lockFile 0a1f165a-pmjs-org-jshint-jshint-2-9-2-tgz https://registry.npmjs.org/jshint/-/jshint-2.9.2.tgz
44 silly lockFile cb85595c-jshint-2-9-2 jshint@2.9.2
45 silly lockFile cb85595c-jshint-2-9-2 jshint@2.9.2
46 silly lockFile a02a2468-jshint jshint@
47 silly lockFile a02a2468-jshint jshint@
48 error Error: EACCES, mkdir '/home/csaldanha/.npm/jshint/2.9.2'
48 error  { [Error: EACCES, mkdir '/home/csaldanha/.npm/jshint/2.9.2']
48 error   errno: 3,
48 error   code: 'EACCES',
48 error   path: '/home/csaldanha/.npm/jshint/2.9.2' }
49 error Please try running this command again as root/Administrator.
50 error System Linux 4.2.0-35-generic
51 error command "/usr/bin/node" "/usr/bin/npm" "install" "-g" "jshint"
52 error cwd /home/csaldanha/projects/rms/app/webroot/js
53 error node -v v0.10.37
54 error npm -v 1.4.28
55 error path /home/csaldanha/.npm/jshint/2.9.2
56 error code EACCES
57 error errno 3
58 error stack Error: EACCES, mkdir '/home/csaldanha/.npm/jshint/2.9.2'
59 verbose exit [ 3, true ]
